<?xml version="1.0" encoding="UTF-8"?>
<!-- Generated by org.testng.reporters.JUnitXMLReporter -->
<testsuite ignored="1" hostname="jhonesLG" failures="0" tests="1" name="LoginPage Test" time="6.734" errors="0" timestamp="2022-12-11T23:51:51 GMT">
  <testcase classname="com.ultimateqa.courses.testsuite.LoginPageTest" name="userShouldNavigateToLoginPageSuccessfully" time="1.06"/>
  <testcase classname="com.ultimateqa.courses.testsuite.LoginPageTest" name="verifyTheErrorMessage" time="0.0">
    <ignored/>
  </testcase> <!-- verifyTheErrorMessage -->
</testsuite> <!-- LoginPage Test -->
