<?xml version="1.0" encoding="UTF-8"?>
<!-- Generated by org.testng.reporters.JUnitXMLReporter -->
<testsuite ignored="0" hostname="jhonesLG" failures="0" tests="2" name="LoginPage Test" time="13.281" errors="0" timestamp="2022-12-11T23:53:39 GMT">
  <testcase classname="com.ultimateqa.courses.testsuite.LoginPageTest" name="userShouldNavigateToLoginPageSuccessfully" time="1.097"/>
  <testcase classname="com.ultimateqa.courses.testsuite.LoginPageTest" name="verifyTheErrorMessage" time="2.941"/>
</testsuite> <!-- LoginPage Test -->
