<?xml version="1.0" encoding="UTF-8"?>
<testsuite name="LoginPage Test"
           tests="2"
           failures="0"
           errors="0"
           skipped="0"
           time="3.308">
  <properties />
  
  
            <testcase name="userShouldNavigateToLoginPageSuccessfully" time="1.052" classname="com.ultimateqa.courses.testsuite.LoginPageTest" />
                <testcase name="verifyTheErrorMessage" time="2.256" classname="com.ultimateqa.courses.testsuite.LoginPageTest" />
      
</testsuite>
