<?xml version="1.0" encoding="UTF-8"?>
<testng-results ignored="0" total="2" passed="2" failed="0" skipped="0">
  <reporter-output>
    <line>
      <![CDATA[User Clicks on SignIn Link[[ChromeDriver: chrome on WINDOWS (523cc95c8bf94f3beb332071ab979efe)] -> xpath: //a[@href='/users/sign_in']]]]>
    </line>
    <line>
      <![CDATA[Error message is displayed]]>
    </line>
    <line>
      <![CDATA[User Clicks on SignIn Link[[ChromeDriver: chrome on WINDOWS (6023dab101c35be872855767a9dcd55c)] -> xpath: //a[@href='/users/sign_in']]]]>
    </line>
    <line>
      <![CDATA[Enter email admin12349@example.com to email field [[ChromeDriver: chrome on WINDOWS (6023dab101c35be872855767a9dcd55c)] -> name: user[email]]]]>
    </line>
    <line>
      <![CDATA[Enter password admin1234 to password field [[ChromeDriver: chrome on WINDOWS (6023dab101c35be872855767a9dcd55c)] -> name: user[email]]]]>
    </line>
    <line>
      <![CDATA[User clicks on Sign In Button]]>
    </line>
    <line>
      <![CDATA[User gets Sign In Error Message]]>
    </line>
  </reporter-output>
  <suite started-at="2022-12-11T23:55:46 GMT" name="testsuite" finished-at="2022-12-11T23:55:58 GMT" duration-ms="11897">
    <groups>
      <group name="regression">
        <method signature="LoginPageTest.userShouldNavigateToLoginPageSuccessfully()[pri:0, instance:com.ultimateqa.courses.testsuite.LoginPageTest@222545dc]" name="userShouldNavigateToLoginPageSuccessfully" class="com.ultimateqa.courses.testsuite.LoginPageTest"/>
        <method signature="LoginPageTest.verifyTheErrorMessage()[pri:0, instance:com.ultimateqa.courses.testsuite.LoginPageTest@222545dc]" name="verifyTheErrorMessage" class="com.ultimateqa.courses.testsuite.LoginPageTest"/>
      </group> <!-- regression -->
      <group name="smoke">
        <method signature="LoginPageTest.verifyTheErrorMessage()[pri:0, instance:com.ultimateqa.courses.testsuite.LoginPageTest@222545dc]" name="verifyTheErrorMessage" class="com.ultimateqa.courses.testsuite.LoginPageTest"/>
      </group> <!-- smoke -->
      <group name="sanity">
        <method signature="LoginPageTest.userShouldNavigateToLoginPageSuccessfully()[pri:0, instance:com.ultimateqa.courses.testsuite.LoginPageTest@222545dc]" name="userShouldNavigateToLoginPageSuccessfully" class="com.ultimateqa.courses.testsuite.LoginPageTest"/>
      </group> <!-- sanity -->
    </groups>
    <test started-at="2022-12-11T23:55:46 GMT" name="LoginPage Test" finished-at="2022-12-11T23:55:58 GMT" duration-ms="11897">
      <class name="com.ultimateqa.courses.testsuite.LoginPageTest">
        <test-method is-config="true" signature="setUp()[pri:0, instance:com.ultimateqa.courses.testsuite.LoginPageTest@222545dc]" started-at="2022-12-11T23:55:47 GMT" name="setUp" finished-at="2022-12-11T23:55:51 GMT" duration-ms="4485" status="PASS">
          <reporter-output>
          </reporter-output>
        </test-method> <!-- setUp -->
        <test-method is-config="true" signature="inIt()[pri:0, instance:com.ultimateqa.courses.testsuite.LoginPageTest@222545dc]" started-at="2022-12-11T23:55:51 GMT" name="inIt" finished-at="2022-12-11T23:55:51 GMT" duration-ms="28" status="PASS">
          <reporter-output>
          </reporter-output>
        </test-method> <!-- inIt -->
        <test-method signature="userShouldNavigateToLoginPageSuccessfully()[pri:0, instance:com.ultimateqa.courses.testsuite.LoginPageTest@222545dc]" started-at="2022-12-11T23:55:51 GMT" name="userShouldNavigateToLoginPageSuccessfully" finished-at="2022-12-11T23:55:52 GMT" duration-ms="1052" status="PASS">
          <reporter-output>
            <line>
              <![CDATA[User Clicks on SignIn Link[[ChromeDriver: chrome on WINDOWS (523cc95c8bf94f3beb332071ab979efe)] -> xpath: //a[@href='/users/sign_in']]]]>
            </line>
            <line>
              <![CDATA[Error message is displayed]]>
            </line>
          </reporter-output>
        </test-method> <!-- userShouldNavigateToLoginPageSuccessfully -->
        <test-method is-config="true" signature="tearDown()[pri:0, instance:com.ultimateqa.courses.testsuite.LoginPageTest@222545dc]" started-at="2022-12-11T23:55:52 GMT" name="tearDown" finished-at="2022-12-11T23:55:52 GMT" duration-ms="247" status="PASS">
          <reporter-output>
          </reporter-output>
        </test-method> <!-- tearDown -->
        <test-method is-config="true" signature="setUp()[pri:0, instance:com.ultimateqa.courses.testsuite.LoginPageTest@222545dc]" started-at="2022-12-11T23:55:52 GMT" name="setUp" finished-at="2022-12-11T23:55:56 GMT" duration-ms="3198" status="PASS">
          <reporter-output>
          </reporter-output>
        </test-method> <!-- setUp -->
        <test-method is-config="true" signature="inIt()[pri:0, instance:com.ultimateqa.courses.testsuite.LoginPageTest@222545dc]" started-at="2022-12-11T23:55:56 GMT" name="inIt" finished-at="2022-12-11T23:55:56 GMT" duration-ms="2" status="PASS">
          <reporter-output>
          </reporter-output>
        </test-method> <!-- inIt -->
        <test-method signature="verifyTheErrorMessage()[pri:0, instance:com.ultimateqa.courses.testsuite.LoginPageTest@222545dc]" started-at="2022-12-11T23:55:56 GMT" name="verifyTheErrorMessage" finished-at="2022-12-11T23:55:58 GMT" duration-ms="2256" status="PASS">
          <reporter-output>
            <line>
              <![CDATA[User Clicks on SignIn Link[[ChromeDriver: chrome on WINDOWS (6023dab101c35be872855767a9dcd55c)] -> xpath: //a[@href='/users/sign_in']]]]>
            </line>
            <line>
              <![CDATA[Enter email admin12349@example.com to email field [[ChromeDriver: chrome on WINDOWS (6023dab101c35be872855767a9dcd55c)] -> name: user[email]]]]>
            </line>
            <line>
              <![CDATA[Enter password admin1234 to password field [[ChromeDriver: chrome on WINDOWS (6023dab101c35be872855767a9dcd55c)] -> name: user[email]]]]>
            </line>
            <line>
              <![CDATA[User clicks on Sign In Button]]>
            </line>
            <line>
              <![CDATA[User gets Sign In Error Message]]>
            </line>
          </reporter-output>
        </test-method> <!-- verifyTheErrorMessage -->
        <test-method is-config="true" signature="tearDown()[pri:0, instance:com.ultimateqa.courses.testsuite.LoginPageTest@222545dc]" started-at="2022-12-11T23:55:58 GMT" name="tearDown" finished-at="2022-12-11T23:55:58 GMT" duration-ms="262" status="PASS">
          <reporter-output>
          </reporter-output>
        </test-method> <!-- tearDown -->
      </class> <!-- com.ultimateqa.courses.testsuite.LoginPageTest -->
    </test> <!-- LoginPage Test -->
  </suite> <!-- testsuite -->
</testng-results>
